# JRE version: OpenJDK Runtime Environment Microsoft-28056 (17.0.1+12) (build 17.0.1+12-LTS)
# Java VM: OpenJDK 64-Bit Server VM Microsoft-28056 (17.0.1+12-LTS, mixed mode, tiered, compressed oops, compressed class ptrs, g1 gc, windows-amd64)
GC Precious Log:
 CPUs: 12 total, 12 available
 Memory: 32599M
 Large Page Support: Disabled
 NUMA Support: Disabled
 Compressed Oops: Enabled (32-bit)
 Heap Region Size: 32M
 Heap Min Capacity: 32M
 Heap Initial Capacity: 512M
 Heap Max Capacity: 2G
 Pre-touch: Disabled
 Parallel Workers: 10
 Concurrent Workers: 3
 Concurrent Refinement Workers: 10
 Periodic GC: Disabled
Heap:
 garbage-first heap   total 1179648K, used 220999K [0x0000000080000000, 0x0000000100000000)
  region size 32768K, 3 young (98304K), 1 survivors (32768K)
 Metaspace       used 53212K, committed 53760K, reserved 1097728K
  class space    used 7442K, committed 7680K, reserved 1048576K
GC Heap History (20 events):
Event: 2.264 GC heap before
{Heap before GC invocations=10 (full 0):
 garbage-first heap   total 524288K, used 134094K [0x0000000080000000, 0x0000000100000000)
  region size 32768K, 3 young (98304K), 1 survivors (32768K)
 Metaspace       used 34531K, committed 34880K, reserved 1081344K
  class space    used 3997K, committed 4160K, reserved 1048576K
}
Event: 2.274 GC heap after
{Heap after GC invocations=11 (full 0):
 garbage-first heap   total 524288K, used 76604K [0x0000000080000000, 0x0000000100000000)
  region size 32768K, 1 young (32768K), 1 survivors (32768K)
 Metaspace       used 34531K, committed 34880K, reserved 1081344K
  class space    used 3997K, committed 4160K, reserved 1048576K
}
Event: 2.372 GC heap before
{Heap before GC invocations=11 (full 0):
 garbage-first heap   total 524288K, used 76604K [0x0000000080000000, 0x0000000100000000)
  region size 32768K, 2 young (65536K), 1 survivors (32768K)
 Metaspace       used 35776K, committed 36160K, reserved 1081344K
  class space    used 4229K, committed 4416K, reserved 1048576K
}
Event: 2.380 GC heap after
{Heap after GC invocations=12 (full 0):
 garbage-first heap   total 524288K, used 80663K [0x0000000080000000, 0x0000000100000000)
  region size 32768K, 1 young (32768K), 1 survivors (32768K)
 Metaspace       used 35776K, committed 36160K, reserved 1081344K
  class space    used 4229K, committed 4416K, reserved 1048576K
}
Event: 2.945 GC heap before
{Heap before GC invocations=13 (full 0):
 garbage-first heap   total 458752K, used 211735K [0x0000000080000000, 0x0000000100000000)
  region size 32768K, 5 young (163840K), 1 survivors (32768K)
 Metaspace       used 44823K, committed 45248K, reserved 1089536K
  class space    used 6030K, committed 6208K, reserved 1048576K
}
Event: 2.964 GC heap after
{Heap after GC invocations=14 (full 0):
 garbage-first heap   total 458752K, used 104829K [0x0000000080000000, 0x0000000100000000)
  region size 32768K, 1 young (32768K), 1 survivors (32768K)
 Metaspace       used 44823K, committed 45248K, reserved 1089536K
  class space    used 6030K, committed 6208K, reserved 1048576K
}
Event: 2.999 GC heap before
{Heap before GC invocations=14 (full 0):
 garbage-first heap   total 458752K, used 137597K [0x0000000080000000, 0x0000000100000000)
  region size 32768K, 2 young (65536K), 1 survivors (32768K)
 Metaspace       used 45199K, committed 45632K, reserved 1089536K
  class space    used 6072K, committed 6272K, reserved 1048576K
}
Event: 3.027 GC heap after
{Heap after GC invocations=15 (full 0):
 garbage-first heap   total 753664K, used 105866K [0x0000000080000000, 0x0000000100000000)
  region size 32768K, 1 young (32768K), 1 survivors (32768K)
 Metaspace       used 45199K, committed 45632K, reserved 1089536K
  class space    used 6072K, committed 6272K, reserved 1048576K
}
Event: 3.205 GC heap before
{Heap before GC invocations=15 (full 0):
 garbage-first heap   total 753664K, used 204170K [0x0000000080000000, 0x0000000100000000)
  region size 32768K, 4 young (131072K), 1 survivors (32768K)
 Metaspace       used 47029K, committed 47488K, reserved 1097728K
  class space    used 6436K, committed 6656K, reserved 1048576K
}
Event: 3.215 GC heap after
{Heap after GC invocations=16 (full 0):
 garbage-first heap   total 753664K, used 114912K [0x0000000080000000, 0x0000000100000000)
  region size 32768K, 1 young (32768K), 1 survivors (32768K)
 Metaspace       used 47029K, committed 47488K, reserved 1097728K
  class space    used 6436K, committed 6656K, reserved 1048576K
}
Event: 3.493 GC heap before
{Heap before GC invocations=16 (full 0):
 garbage-first heap   total 753664K, used 213216K [0x0000000080000000, 0x0000000100000000)
  region size 32768K, 4 young (131072K), 1 survivors (32768K)
 Metaspace       used 48457K, committed 48960K, reserved 1097728K
  class space    used 6691K, committed 6912K, reserved 1048576K
}
Event: 3.507 GC heap after
{Heap after GC invocations=17 (full 0):
 garbage-first heap   total 753664K, used 128345K [0x0000000080000000, 0x0000000100000000)
  region size 32768K, 1 young (32768K), 1 survivors (32768K)
 Metaspace       used 48457K, committed 48960K, reserved 1097728K
  class space    used 6691K, committed 6912K, reserved 1048576K
}
Event: 3.608 GC heap before
{Heap before GC invocations=18 (full 0):
 garbage-first heap   total 655360K, used 226649K [0x0000000080000000, 0x0000000100000000)
  region size 32768K, 4 young (131072K), 1 survivors (32768K)
 Metaspace       used 49129K, committed 49600K, reserved 1097728K
  class space    used 6803K, committed 7040K, reserved 1048576K
}
Event: 3.626 GC heap after
{Heap after GC invocations=19 (full 0):
 garbage-first heap   total 655360K, used 141123K [0x0000000080000000, 0x0000000100000000)
  region size 32768K, 1 young (32768K), 1 survivors (32768K)
 Metaspace       used 49129K, committed 49600K, reserved 1097728K
  class space    used 6803K, committed 7040K, reserved 1048576K
}
Event: 3.712 GC heap before
{Heap before GC invocations=19 (full 0):
 garbage-first heap   total 655360K, used 239427K [0x0000000080000000, 0x0000000100000000)
  region size 32768K, 4 young (131072K), 1 survivors (32768K)
 Metaspace       used 50125K, committed 50624K, reserved 1097728K
  class space    used 6984K, committed 7168K, reserved 1048576K
}
Event: 3.731 GC heap after
{Heap after GC invocations=20 (full 0):
 garbage-first heap   total 655360K, used 154915K [0x0000000080000000, 0x0000000100000000)
  region size 32768K, 1 young (32768K), 1 survivors (32768K)
 Metaspace       used 50125K, committed 50624K, reserved 1097728K
  class space    used 6984K, committed 7168K, reserved 1048576K
}
Event: 3.855 GC heap before
{Heap before GC invocations=20 (full 0):
 garbage-first heap   total 655360K, used 285987K [0x0000000080000000, 0x0000000100000000)
  region size 32768K, 5 young (163840K), 1 survivors (32768K)
 Metaspace       used 51578K, committed 52096K, reserved 1097728K
  class space    used 7265K, committed 7488K, reserved 1048576K
}
Event: 3.876 GC heap after
{Heap after GC invocations=21 (full 0):
 garbage-first heap   total 655360K, used 172218K [0x0000000080000000, 0x0000000100000000)
  region size 32768K, 1 young (32768K), 1 survivors (32768K)
 Metaspace       used 51578K, committed 52096K, reserved 1097728K
  class space    used 7265K, committed 7488K, reserved 1048576K
}
Event: 3.997 GC heap before
{Heap before GC invocations=21 (full 0):
 garbage-first heap   total 655360K, used 336058K [0x0000000080000000, 0x0000000100000000)
  region size 32768K, 6 young (196608K), 1 survivors (32768K)
 Metaspace       used 52989K, committed 53504K, reserved 1097728K
  class space    used 7441K, committed 7680K, reserved 1048576K
}
Event: 4.021 GC heap after
{Heap after GC invocations=22 (full 0):
 garbage-first heap   total 1179648K, used 185290K [0x0000000080000000, 0x0000000100000000)
  region size 32768K, 1 young (32768K), 1 survivors (32768K)
 Metaspace       used 52989K, committed 53504K, reserved 1097728K
  class space    used 7441K, committed 7680K, reserved 1048576K
}

