# JRE version: OpenJDK Runtime Environment Microsoft-28056 (17.0.1+12) (build 17.0.1+12-LTS)
# Java VM: OpenJDK 64-Bit Server VM Microsoft-28056 (17.0.1+12-LTS, mixed mode, tiered, compressed oops, compressed class ptrs, g1 gc, windows-amd64)
GC Precious Log:
 CPUs: 12 total, 12 available
 Memory: 32599M
 Large Page Support: Disabled
 NUMA Support: Disabled
 Compressed Oops: Enabled (32-bit)
 Heap Region Size: 32M
 Heap Min Capacity: 32M
 Heap Initial Capacity: 512M
 Heap Max Capacity: 2G
 Pre-touch: Disabled
 Parallel Workers: 10
 Concurrent Workers: 3
 Concurrent Refinement Workers: 10
 Periodic GC: Disabled
Heap:
 garbage-first heap   total 1146880K, used 416496K [0x0000000080000000, 0x0000000100000000)
  region size 32768K, 9 young (294912K), 1 survivors (32768K)
 Metaspace       used 53245K, committed 53760K, reserved 1097728K
  class space    used 7445K, committed 7680K, reserved 1048576K
GC Heap History (20 events):
Event: 2.433 GC heap before
{Heap before GC invocations=11 (full 0):
 garbage-first heap   total 491520K, used 76615K [0x0000000080000000, 0x0000000100000000)
  region size 32768K, 2 young (65536K), 1 survivors (32768K)
 Metaspace       used 35953K, committed 36288K, reserved 1081344K
  class space    used 4249K, committed 4416K, reserved 1048576K
}
Event: 2.443 GC heap after
{Heap after GC invocations=12 (full 0):
 garbage-first heap   total 491520K, used 79883K [0x0000000080000000, 0x0000000100000000)
  region size 32768K, 1 young (32768K), 1 survivors (32768K)
 Metaspace       used 35953K, committed 36288K, reserved 1081344K
  class space    used 4249K, committed 4416K, reserved 1048576K
}
Event: 2.975 GC heap before
{Heap before GC invocations=13 (full 0):
 garbage-first heap   total 458752K, used 210955K [0x0000000080000000, 0x0000000100000000)
  region size 32768K, 5 young (163840K), 1 survivors (32768K)
 Metaspace       used 44914K, committed 45312K, reserved 1089536K
  class space    used 6038K, committed 6208K, reserved 1048576K
}
Event: 2.995 GC heap after
{Heap after GC invocations=14 (full 0):
 garbage-first heap   total 458752K, used 104613K [0x0000000080000000, 0x0000000100000000)
  region size 32768K, 1 young (32768K), 1 survivors (32768K)
 Metaspace       used 44914K, committed 45312K, reserved 1089536K
  class space    used 6038K, committed 6208K, reserved 1048576K
}
Event: 3.034 GC heap before
{Heap before GC invocations=14 (full 0):
 garbage-first heap   total 458752K, used 137381K [0x0000000080000000, 0x0000000100000000)
  region size 32768K, 2 young (65536K), 1 survivors (32768K)
 Metaspace       used 45268K, committed 45696K, reserved 1089536K
  class space    used 6090K, committed 6272K, reserved 1048576K
}
Event: 3.064 GC heap after
{Heap after GC invocations=15 (full 0):
 garbage-first heap   total 753664K, used 106358K [0x0000000080000000, 0x0000000100000000)
  region size 32768K, 1 young (32768K), 1 survivors (32768K)
 Metaspace       used 45268K, committed 45696K, reserved 1089536K
  class space    used 6090K, committed 6272K, reserved 1048576K
}
Event: 3.238 GC heap before
{Heap before GC invocations=15 (full 0):
 garbage-first heap   total 753664K, used 204662K [0x0000000080000000, 0x0000000100000000)
  region size 32768K, 4 young (131072K), 1 survivors (32768K)
 Metaspace       used 47103K, committed 47552K, reserved 1097728K
  class space    used 6444K, committed 6656K, reserved 1048576K
}
Event: 3.246 GC heap after
{Heap after GC invocations=16 (full 0):
 garbage-first heap   total 753664K, used 114864K [0x0000000080000000, 0x0000000100000000)
  region size 32768K, 1 young (32768K), 1 survivors (32768K)
 Metaspace       used 47103K, committed 47552K, reserved 1097728K
  class space    used 6444K, committed 6656K, reserved 1048576K
}
Event: 3.462 GC heap before
{Heap before GC invocations=16 (full 0):
 garbage-first heap   total 753664K, used 213168K [0x0000000080000000, 0x0000000100000000)
  region size 32768K, 4 young (131072K), 1 survivors (32768K)
 Metaspace       used 49027K, committed 49536K, reserved 1097728K
  class space    used 6784K, committed 6976K, reserved 1048576K
}
Event: 3.478 GC heap after
{Heap after GC invocations=17 (full 0):
 garbage-first heap   total 753664K, used 128419K [0x0000000080000000, 0x0000000100000000)
  region size 32768K, 1 young (32768K), 1 survivors (32768K)
 Metaspace       used 49027K, committed 49536K, reserved 1097728K
  class space    used 6784K, committed 6976K, reserved 1048576K
}
Event: 3.552 GC heap before
{Heap before GC invocations=17 (full 0):
 garbage-first heap   total 753664K, used 226723K [0x0000000080000000, 0x0000000100000000)
  region size 32768K, 4 young (131072K), 1 survivors (32768K)
 Metaspace       used 49611K, committed 50112K, reserved 1097728K
  class space    used 6879K, committed 7104K, reserved 1048576K
}
Event: 3.569 GC heap after
{Heap after GC invocations=18 (full 0):
 garbage-first heap   total 753664K, used 140939K [0x0000000080000000, 0x0000000100000000)
  region size 32768K, 1 young (32768K), 1 survivors (32768K)
 Metaspace       used 49611K, committed 50112K, reserved 1097728K
  class space    used 6879K, committed 7104K, reserved 1048576K
}
Event: 3.640 GC heap before
{Heap before GC invocations=19 (full 0):
 garbage-first heap   total 753664K, used 239243K [0x0000000080000000, 0x0000000100000000)
  region size 32768K, 4 young (131072K), 1 survivors (32768K)
 Metaspace       used 50269K, committed 50752K, reserved 1097728K
  class space    used 7006K, committed 7232K, reserved 1048576K
}
Event: 3.659 GC heap after
{Heap after GC invocations=20 (full 0):
 garbage-first heap   total 753664K, used 155784K [0x0000000080000000, 0x0000000100000000)
  region size 32768K, 1 young (32768K), 1 survivors (32768K)
 Metaspace       used 50269K, committed 50752K, reserved 1097728K
  class space    used 7006K, committed 7232K, reserved 1048576K
}
Event: 3.758 GC heap before
{Heap before GC invocations=20 (full 0):
 garbage-first heap   total 753664K, used 286856K [0x0000000080000000, 0x0000000100000000)
  region size 32768K, 5 young (163840K), 1 survivors (32768K)
 Metaspace       used 51389K, committed 51904K, reserved 1097728K
  class space    used 7219K, committed 7424K, reserved 1048576K
}
Event: 3.777 GC heap after
{Heap after GC invocations=21 (full 0):
 garbage-first heap   total 753664K, used 173068K [0x0000000080000000, 0x0000000100000000)
  region size 32768K, 1 young (32768K), 1 survivors (32768K)
 Metaspace       used 51389K, committed 51904K, reserved 1097728K
  class space    used 7219K, committed 7424K, reserved 1048576K
}
Event: 3.886 GC heap before
{Heap before GC invocations=21 (full 0):
 garbage-first heap   total 753664K, used 336908K [0x0000000080000000, 0x0000000100000000)
  region size 32768K, 6 young (196608K), 1 survivors (32768K)
 Metaspace       used 52534K, committed 53120K, reserved 1097728K
  class space    used 7392K, committed 7680K, reserved 1048576K
}
Event: 3.908 GC heap after
{Heap after GC invocations=22 (full 0):
 garbage-first heap   total 1146880K, used 184211K [0x0000000080000000, 0x0000000100000000)
  region size 32768K, 1 young (32768K), 1 survivors (32768K)
 Metaspace       used 52534K, committed 53120K, reserved 1097728K
  class space    used 7392K, committed 7680K, reserved 1048576K
}
Event: 3.972 GC heap before
{Heap before GC invocations=22 (full 0):
 garbage-first heap   total 1146880K, used 380819K [0x0000000080000000, 0x0000000100000000)
  region size 32768K, 7 young (229376K), 1 survivors (32768K)
 Metaspace       used 53017K, committed 53568K, reserved 1097728K
  class space    used 7444K, committed 7680K, reserved 1048576K
}
Event: 3.989 GC heap after
{Heap after GC invocations=23 (full 0):
 garbage-first heap   total 1146880K, used 187120K [0x0000000080000000, 0x0000000100000000)
  region size 32768K, 1 young (32768K), 1 survivors (32768K)
 Metaspace       used 53017K, committed 53568K, reserved 1097728K
  class space    used 7444K, committed 7680K, reserved 1048576K
}

